<?xml version="1.0" encoding="UTF-8"?>
<!-- Generated by org.testng.reporters.JUnitReportReporter -->
<testsuite hostname="hfkboun" failures="0" tests="2" name="com.d1tech.tests.TestHomePage" time="46.594" errors="0" timestamp="07 Aug 2019 12:36:16 GMT" skipped="0">
  <testcase classname="com.d1tech.tests.TestHomePage" name="getTitle" time="23.706"/>
  <testcase classname="com.d1tech.tests.TestHomePage" name="clickSignIn" time="22.888"/>
</testsuite> <!-- com.d1tech.tests.TestHomePage -->
