<?xml version="1.0" encoding="UTF-8"?>
<!-- Generated by org.testng.reporters.JUnitReportReporter -->
<testsuite hostname="hfkboun" failures="0" tests="3" name="com.d1tech.tests.TestLoginPage" time="54.913" errors="0" timestamp="07 Aug 2019 12:36:16 GMT" skipped="0">
  <testcase classname="com.d1tech.tests.TestLoginPage" name="verifyTitle" time="15.028"/>
  <testcase classname="com.d1tech.tests.TestLoginPage" name="verifyEmail" time="24.635"/>
  <testcase classname="com.d1tech.tests.TestLoginPage" name="verifyPassword" time="15.250"/>
</testsuite> <!-- com.d1tech.tests.TestLoginPage -->
