<?xml version="1.0" encoding="UTF-8"?>
<!-- Generated by org.testng.reporters.JUnitReportReporter -->
<testsuite hostname="DESKTOP-COT2GCT" failures="0" tests="2" name="com.d1tech.tests.TestHomePage" time="2.951" errors="0" timestamp="06 AÄŸu 2019 12:33:47 GMT" skipped="0">
  <testcase classname="com.d1tech.tests.TestHomePage" name="getTitle" time="0.803"/>
  <testcase classname="com.d1tech.tests.TestHomePage" name="clickSignIn" time="2.148"/>
</testsuite> <!-- com.d1tech.tests.TestHomePage -->
