<?xml version="1.0" encoding="UTF-8"?>
<!-- Generated by org.testng.reporters.JUnitReportReporter -->
<testsuite hostname="hfkboun" failures="0" tests="2" name="com.d1tech.tests.TestHomePage" time="42.484" errors="0" timestamp="05 Aug 2019 13:56:57 GMT" skipped="0">
  <testcase classname="com.d1tech.tests.TestHomePage" name="getTitle" time="28.671"/>
  <testcase classname="com.d1tech.tests.TestHomePage" name="clickSignIn" time="13.813"/>
</testsuite> <!-- com.d1tech.tests.TestHomePage -->
