<?xml version="1.0" encoding="UTF-8"?>
<!-- Generated by org.testng.reporters.JUnitReportReporter -->
<testsuite hostname="hfkboun" failures="0" tests="2" name="com.d1tech.tests.TestHomePage" time="42.153" errors="0" timestamp="07 Aug 2019 12:28:27 GMT" skipped="0">
  <testcase classname="com.d1tech.tests.TestHomePage" name="getTitle" time="25.574"/>
  <testcase classname="com.d1tech.tests.TestHomePage" name="clickSignIn" time="16.579"/>
</testsuite> <!-- com.d1tech.tests.TestHomePage -->
